{
  "stats": {
    "suites": 1,
    "tests": 1,
    "passes": 1,
    "pending": 0,
    "failures": 0,
    "start": "2022-04-15T04:54:03.088Z",
    "end": "2022-04-15T04:54:08.462Z",
    "duration": 5374,
    "testsRegistered": 1,
    "passPercent": 100,
    "pendingPercent": 0,
    "other": 0,
    "hasOther": false,
    "skipped": 0,
    "hasSkipped": false
  },
  "results": [
    {
      "uuid": "cb62f020-f992-4c0c-b400-322cff779ed7",
      "title": "",
      "fullFile": "cypress/integration/AWS/APiloginAws.js",
      "file": "cypress/integration/AWS/APiloginAws.js",
      "beforeHooks": [],
      "afterHooks": [],
      "tests": [],
      "suites": [
        {
          "uuid": "aca79ee3-9e83-4495-9444-459b7a5397ae",
          "title": "Loginto AWS using API",
          "fullFile": "",
          "file": "",
          "beforeHooks": [],
          "afterHooks": [],
          "tests": [
            {
              "title": "API login",
              "fullTitle": "Loginto AWS using API API login",
              "timedOut": null,
              "duration": 5308,
              "state": "passed",
              "speed": "medium",
              "pass": true,
              "fail": false,
              "pending": false,
              "context": null,
              "code": "cy.request({\n  method: \"POST\",\n  url: \"https://cognito-idp.us-east-1.amazonaws.com/\",\n  headers: {\n    \"X-Amz-Target\": \"AWSCognitoIdentityProviderService.InitiateAuth\",\n    \"Content-Type\": \"application/x-amz-json-1.1\"\n  },\n  body: {\n    \"AuthParameters\": {\n      \"USERNAME\": \"shubham\",\n      \"PASSWORD\": \"Fission@123\"\n    },\n    \"AuthFlow\": \"USER_PASSWORD_AUTH\",\n    \"ClientId\": \"2sjjekabni5vdplr14s5us28hg\"\n  }\n}).then(resp => {\n  console.log(resp);\n  cy.log(JSON.stringify(resp.body.AuthenticationResult));\n});",
              "err": {},
              "uuid": "c010bcd5-f4c4-435b-b2a2-b614b7fee355",
              "parentUUID": "aca79ee3-9e83-4495-9444-459b7a5397ae",
              "isHook": false,
              "skipped": false
            }
          ],
          "suites": [],
          "passes": [
            "c010bcd5-f4c4-435b-b2a2-b614b7fee355"
          ],
          "failures": [],
          "pending": [],
          "skipped": [],
          "duration": 5308,
          "root": false,
          "rootEmpty": false,
          "_timeout": 2000
        }
      ],
      "passes": [],
      "failures": [],
      "pending": [],
      "skipped": [],
      "duration": 0,
      "root": true,
      "rootEmpty": true,
      "_timeout": 2000
    }
  ],
  "meta": {
    "mocha": {
      "version": "7.0.1"
    },
    "mochawesome": {
      "options": {
        "quiet": false,
        "reportFilename": "mochawesome",
        "saveHtml": false,
        "saveJson": true,
        "consoleReporter": "spec",
        "useInlineDiffs": false,
        "code": true
      },
      "version": "7.1.3"
    },
    "marge": {
      "options": {
        "id": "default",
        "reportDir": "cypress/reports/mocha",
        "quite": true,
        "overwrite": false,
        "html": false,
        "json": true
      },
      "version": "6.2.0"
    }
  }
}