{
  "stats": {
    "suites": 0,
    "tests": 1,
    "passes": 1,
    "pending": 0,
    "failures": 0,
    "start": "2022-04-15T04:54:11.660Z",
    "end": "2022-04-15T04:54:12.029Z",
    "duration": 369,
    "testsRegistered": 1,
    "passPercent": 100,
    "pendingPercent": 0,
    "other": 0,
    "hasOther": false,
    "skipped": 0,
    "hasSkipped": false
  },
  "results": [
    {
      "uuid": "476594c8-8007-438c-a4bb-19967b2046d1",
      "title": "",
      "fullFile": "cypress/integration/AWS/shubham.js",
      "file": "cypress/integration/AWS/shubham.js",
      "beforeHooks": [],
      "afterHooks": [],
      "tests": [
        {
          "title": "getting auth token from oxygen using oxgen login api and amazon cognito",
          "fullTitle": "getting auth token from oxygen using oxgen login api and amazon cognito",
          "timedOut": null,
          "duration": 327,
          "state": "passed",
          "speed": "fast",
          "pass": true,
          "fail": false,
          "pending": false,
          "context": null,
          "code": "cy.request({\n  method: 'POST',\n  url: 'https://cognito-idp.us-east-1.amazonaws.com/',\n  Headers: {\n    'X-Amz-Target': 'AWSCognitoIdentityProviderService.InitiateAuth',\n    'Content-Type': 'application/x-amz-json-1.1'\n  },\n  body: {\n    \"AuthParameters\": {\n      \"USERNAME\": \"shubham\",\n      \"PASSWORD\": \"Fission@12312\"\n    },\n    \"AuthFlow\": \"USER_PASSWORD_AUTH\",\n    \"ClientId\": \"2sjjekabni5vdplr14s5us28hg\"\n  }\n}).then(res => {\n  cy.log(JSON.stringify(res));\n  expect(res.status).to.eq(200); //expect(res.body.AuthenticationResult.ExpiresIn).to.eq(3600)\n});",
          "err": {},
          "uuid": "cc369836-9962-4768-8812-517f785d5a9c",
          "parentUUID": "476594c8-8007-438c-a4bb-19967b2046d1",
          "isHook": false,
          "skipped": false
        }
      ],
      "suites": [],
      "passes": [
        "cc369836-9962-4768-8812-517f785d5a9c"
      ],
      "failures": [],
      "pending": [],
      "skipped": [],
      "duration": 327,
      "root": true,
      "rootEmpty": false,
      "_timeout": 2000
    }
  ],
  "meta": {
    "mocha": {
      "version": "7.0.1"
    },
    "mochawesome": {
      "options": {
        "quiet": false,
        "reportFilename": "mochawesome",
        "saveHtml": false,
        "saveJson": true,
        "consoleReporter": "spec",
        "useInlineDiffs": false,
        "code": true
      },
      "version": "7.1.3"
    },
    "marge": {
      "options": {
        "id": "default",
        "reportDir": "cypress/reports/mocha",
        "quite": true,
        "overwrite": false,
        "html": false,
        "json": true
      },
      "version": "6.2.0"
    }
  }
}